[35m[1mScanning dependencies of target std_msgs_generate_messages_lisp[0m
[35m[1mScanning dependencies of target std_msgs_generate_messages_nodejs[0m
[35m[1mScanning dependencies of target _slam_backend_generate_messages_check_deps_TimedPose[0m
[35m[1mScanning dependencies of target slam_backend_node[0m
[35m[1mScanning dependencies of target timed_pose_node[0m
[  0%] Built target std_msgs_generate_messages_nodejs
[  0%] Built target std_msgs_generate_messages_lisp
[35m[1mScanning dependencies of target std_msgs_generate_messages_eus[0m
[35m[1mScanning dependencies of target std_msgs_generate_messages_cpp[0m
[  0%] Built target std_msgs_generate_messages_eus
[  0%] Built target std_msgs_generate_messages_cpp
[35m[1mScanning dependencies of target std_msgs_generate_messages_py[0m
[  9%] [32mBuilding CXX object CMakeFiles/slam_backend_node.dir/src/slam_backend_node.cpp.o[0m
[ 18%] Built target std_msgs_generate_messages_py
[ 18%] [32mBuilding CXX object CMakeFiles/timed_pose_node.dir/src/timed_pose_node.cpp.o[0m
[ 18%] Built target _slam_backend_generate_messages_check_deps_TimedPose
[35m[1mScanning dependencies of target slam_backend_generate_messages_lisp[0m
[35m[1mScanning dependencies of target slam_backend_generate_messages_nodejs[0m
[35m[1mScanning dependencies of target slam_backend_generate_messages_eus[0m
[ 27%] [34m[1mGenerating Lisp code from slam_backend/TimedPose.msg[0m
[ 36%] [34m[1mGenerating EusLisp code from slam_backend/TimedPose.msg[0m
[ 45%] [34m[1mGenerating Javascript code from slam_backend/TimedPose.msg[0m
[ 45%] Built target slam_backend_generate_messages_nodejs
[ 45%] Built target slam_backend_generate_messages_lisp
[35m[1mScanning dependencies of target slam_backend_generate_messages_py[0m
[35m[1mScanning dependencies of target slam_backend_generate_messages_cpp[0m
[ 54%] [34m[1mGenerating Python from MSG slam_backend/TimedPose[0m
[ 63%] [34m[1mGenerating C++ code from slam_backend/TimedPose.msg[0m
[ 72%] [34m[1mGenerating EusLisp manifest code for slam_backend[0m
[ 81%] [34m[1mGenerating Python msg __init__.py for slam_backend[0m
[ 81%] Built target slam_backend_generate_messages_cpp
[ 81%] Built target slam_backend_generate_messages_py
[ 81%] Built target slam_backend_generate_messages_eus
[35m[1mScanning dependencies of target slam_backend_generate_messages[0m
[ 81%] Built target slam_backend_generate_messages
[ 90%] [32m[1mLinking CXX executable /home/gilberg96/Batchelor/Complete_Project/catkin_ws/devel/.private/slam_backend/lib/slam_backend/timed_pose_node[0m
[ 90%] Built target timed_pose_node
[100%] [32m[1mLinking CXX executable /home/gilberg96/Batchelor/Complete_Project/catkin_ws/devel/.private/slam_backend/lib/slam_backend/slam_backend_node[0m
[100%] Built target slam_backend_node
