Linked: (/home/gilberg96/Batchelor/Complete_Project/catkin_ws/devel/.private/slam_backend/include/slam_backend/TimedPose.h, /home/gilberg96/Batchelor/Complete_Project/catkin_ws/devel/include/slam_backend/TimedPose.h)
Linked: (/home/gilberg96/Batchelor/Complete_Project/catkin_ws/devel/.private/slam_backend/lib/slam_backend/slam_backend_node, /home/gilberg96/Batchelor/Complete_Project/catkin_ws/devel/lib/slam_backend/slam_backend_node)
Linked: (/home/gilberg96/Batchelor/Complete_Project/catkin_ws/devel/.private/slam_backend/lib/slam_backend/timed_pose_node, /home/gilberg96/Batchelor/Complete_Project/catkin_ws/devel/lib/slam_backend/timed_pose_node)
Linked: (/home/gilberg96/Batchelor/Complete_Project/catkin_ws/devel/.private/slam_backend/lib/python2.7/dist-packages/slam_backend/__init__.py, /home/gilberg96/Batchelor/Complete_Project/catkin_ws/devel/lib/python2.7/dist-packages/slam_backend/__init__.py)
Linked: (/home/gilberg96/Batchelor/Complete_Project/catkin_ws/devel/.private/slam_backend/lib/python2.7/dist-packages/slam_backend/msg/__init__.py, /home/gilberg96/Batchelor/Complete_Project/catkin_ws/devel/lib/python2.7/dist-packages/slam_backend/msg/__init__.py)
Linked: (/home/gilberg96/Batchelor/Complete_Project/catkin_ws/devel/.private/slam_backend/lib/python2.7/dist-packages/slam_backend/msg/_TimedPose.py, /home/gilberg96/Batchelor/Complete_Project/catkin_ws/devel/lib/python2.7/dist-packages/slam_backend/msg/_TimedPose.py)
Linked: (/home/gilberg96/Batchelor/Complete_Project/catkin_ws/devel/.private/slam_backend/lib/pkgconfig/slam_backend.pc, /home/gilberg96/Batchelor/Complete_Project/catkin_ws/devel/lib/pkgconfig/slam_backend.pc)
Linked: (/home/gilberg96/Batchelor/Complete_Project/catkin_ws/devel/.private/slam_backend/share/slam_backend/cmake/slam_backend-msg-extras.cmake, /home/gilberg96/Batchelor/Complete_Project/catkin_ws/devel/share/slam_backend/cmake/slam_backend-msg-extras.cmake)
Linked: (/home/gilberg96/Batchelor/Complete_Project/catkin_ws/devel/.private/slam_backend/share/slam_backend/cmake/slam_backend-msg-paths.cmake, /home/gilberg96/Batchelor/Complete_Project/catkin_ws/devel/share/slam_backend/cmake/slam_backend-msg-paths.cmake)
Linked: (/home/gilberg96/Batchelor/Complete_Project/catkin_ws/devel/.private/slam_backend/share/slam_backend/cmake/slam_backendConfig.cmake, /home/gilberg96/Batchelor/Complete_Project/catkin_ws/devel/share/slam_backend/cmake/slam_backendConfig.cmake)
Linked: (/home/gilberg96/Batchelor/Complete_Project/catkin_ws/devel/.private/slam_backend/share/slam_backend/cmake/slam_backendConfig-version.cmake, /home/gilberg96/Batchelor/Complete_Project/catkin_ws/devel/share/slam_backend/cmake/slam_backendConfig-version.cmake)
Linked: (/home/gilberg96/Batchelor/Complete_Project/catkin_ws/devel/.private/slam_backend/share/common-lisp/ros/slam_backend/msg/_package.lisp, /home/gilberg96/Batchelor/Complete_Project/catkin_ws/devel/share/common-lisp/ros/slam_backend/msg/_package.lisp)
Linked: (/home/gilberg96/Batchelor/Complete_Project/catkin_ws/devel/.private/slam_backend/share/common-lisp/ros/slam_backend/msg/_package_TimedPose.lisp, /home/gilberg96/Batchelor/Complete_Project/catkin_ws/devel/share/common-lisp/ros/slam_backend/msg/_package_TimedPose.lisp)
Linked: (/home/gilberg96/Batchelor/Complete_Project/catkin_ws/devel/.private/slam_backend/share/common-lisp/ros/slam_backend/msg/TimedPose.lisp, /home/gilberg96/Batchelor/Complete_Project/catkin_ws/devel/share/common-lisp/ros/slam_backend/msg/TimedPose.lisp)
Linked: (/home/gilberg96/Batchelor/Complete_Project/catkin_ws/devel/.private/slam_backend/share/common-lisp/ros/slam_backend/msg/slam_backend-msg.asd, /home/gilberg96/Batchelor/Complete_Project/catkin_ws/devel/share/common-lisp/ros/slam_backend/msg/slam_backend-msg.asd)
Linked: (/home/gilberg96/Batchelor/Complete_Project/catkin_ws/devel/.private/slam_backend/share/gennodejs/ros/slam_backend/_index.js, /home/gilberg96/Batchelor/Complete_Project/catkin_ws/devel/share/gennodejs/ros/slam_backend/_index.js)
Linked: (/home/gilberg96/Batchelor/Complete_Project/catkin_ws/devel/.private/slam_backend/share/gennodejs/ros/slam_backend/msg/_index.js, /home/gilberg96/Batchelor/Complete_Project/catkin_ws/devel/share/gennodejs/ros/slam_backend/msg/_index.js)
Linked: (/home/gilberg96/Batchelor/Complete_Project/catkin_ws/devel/.private/slam_backend/share/gennodejs/ros/slam_backend/msg/TimedPose.js, /home/gilberg96/Batchelor/Complete_Project/catkin_ws/devel/share/gennodejs/ros/slam_backend/msg/TimedPose.js)
Linked: (/home/gilberg96/Batchelor/Complete_Project/catkin_ws/devel/.private/slam_backend/share/roseus/ros/slam_backend/manifest.l, /home/gilberg96/Batchelor/Complete_Project/catkin_ws/devel/share/roseus/ros/slam_backend/manifest.l)
Linked: (/home/gilberg96/Batchelor/Complete_Project/catkin_ws/devel/.private/slam_backend/share/roseus/ros/slam_backend/msg/TimedPose.l, /home/gilberg96/Batchelor/Complete_Project/catkin_ws/devel/share/roseus/ros/slam_backend/msg/TimedPose.l)
