Symlinking /home/gilberg96/Batchelor/Complete_Project/catkin_ws/devel/include/slam_backend/TimedPose.h
Symlinking /home/gilberg96/Batchelor/Complete_Project/catkin_ws/devel/lib/slam_backend/slam_backend_node
Symlinking /home/gilberg96/Batchelor/Complete_Project/catkin_ws/devel/lib/slam_backend/timed_pose_node
Symlinking /home/gilberg96/Batchelor/Complete_Project/catkin_ws/devel/lib/python2.7/dist-packages/slam_backend/__init__.py
Symlinking /home/gilberg96/Batchelor/Complete_Project/catkin_ws/devel/lib/python2.7/dist-packages/slam_backend/msg/__init__.py
Symlinking /home/gilberg96/Batchelor/Complete_Project/catkin_ws/devel/lib/python2.7/dist-packages/slam_backend/msg/_TimedPose.py
Symlinking /home/gilberg96/Batchelor/Complete_Project/catkin_ws/devel/lib/pkgconfig/slam_backend.pc
Symlinking /home/gilberg96/Batchelor/Complete_Project/catkin_ws/devel/share/slam_backend/cmake/slam_backend-msg-extras.cmake
Symlinking /home/gilberg96/Batchelor/Complete_Project/catkin_ws/devel/share/slam_backend/cmake/slam_backend-msg-paths.cmake
Symlinking /home/gilberg96/Batchelor/Complete_Project/catkin_ws/devel/share/slam_backend/cmake/slam_backendConfig.cmake
Symlinking /home/gilberg96/Batchelor/Complete_Project/catkin_ws/devel/share/slam_backend/cmake/slam_backendConfig-version.cmake
Symlinking /home/gilberg96/Batchelor/Complete_Project/catkin_ws/devel/share/common-lisp/ros/slam_backend/msg/_package.lisp
Symlinking /home/gilberg96/Batchelor/Complete_Project/catkin_ws/devel/share/common-lisp/ros/slam_backend/msg/_package_TimedPose.lisp
Symlinking /home/gilberg96/Batchelor/Complete_Project/catkin_ws/devel/share/common-lisp/ros/slam_backend/msg/TimedPose.lisp
Symlinking /home/gilberg96/Batchelor/Complete_Project/catkin_ws/devel/share/common-lisp/ros/slam_backend/msg/slam_backend-msg.asd
Symlinking /home/gilberg96/Batchelor/Complete_Project/catkin_ws/devel/share/gennodejs/ros/slam_backend/_index.js
Symlinking /home/gilberg96/Batchelor/Complete_Project/catkin_ws/devel/share/gennodejs/ros/slam_backend/msg/_index.js
Symlinking /home/gilberg96/Batchelor/Complete_Project/catkin_ws/devel/share/gennodejs/ros/slam_backend/msg/TimedPose.js
Symlinking /home/gilberg96/Batchelor/Complete_Project/catkin_ws/devel/share/roseus/ros/slam_backend/manifest.l
Symlinking /home/gilberg96/Batchelor/Complete_Project/catkin_ws/devel/share/roseus/ros/slam_backend/msg/TimedPose.l
