Determining if the pthread_create exist failed with the following output:
Change Dir: /home/gilberg96/catkin_ws/build/CMakeFiles/CMakeTmp

Run Build Command:"/usr/bin/make" "cmTC_296f8/fast"
/usr/bin/make -f CMakeFiles/cmTC_296f8.dir/build.make CMakeFiles/cmTC_296f8.dir/build
make[1]: Entering directory '/home/gilberg96/catkin_ws/build/CMakeFiles/CMakeTmp'
Building C object CMakeFiles/cmTC_296f8.dir/CheckSymbolExists.c.o
/usr/bin/cc    -o CMakeFiles/cmTC_296f8.dir/CheckSymbolExists.c.o   -c /home/gilberg96/catkin_ws/build/CMakeFiles/CMakeTmp/CheckSymbolExists.c
Linking C executable cmTC_296f8
/usr/local/bin/cmake -E cmake_link_script CMakeFiles/cmTC_296f8.dir/link.txt --verbose=1
/usr/bin/cc      -rdynamic CMakeFiles/cmTC_296f8.dir/CheckSymbolExists.c.o  -o cmTC_296f8 
CMakeFiles/cmTC_296f8.dir/CheckSymbolExists.c.o: In function `main':
CheckSymbolExists.c:(.text+0x1b): undefined reference to `pthread_create'
collect2: error: ld returned 1 exit status
CMakeFiles/cmTC_296f8.dir/build.make:86: recipe for target 'cmTC_296f8' failed
make[1]: *** [cmTC_296f8] Error 1
make[1]: Leaving directory '/home/gilberg96/catkin_ws/build/CMakeFiles/CMakeTmp'
Makefile:121: recipe for target 'cmTC_296f8/fast' failed
make: *** [cmTC_296f8/fast] Error 2

File /home/gilberg96/catkin_ws/build/CMakeFiles/CMakeTmp/CheckSymbolExists.c:
/* */
#include <pthread.h>

int main(int argc, char** argv)
{
  (void)argv;
#ifndef pthread_create
  return ((int*)(&pthread_create))[argc];
#else
  (void)argc;
  return 0;
#endif
}

Determining if the function pthread_create exists in the pthreads failed with the following output:
Change Dir: /home/gilberg96/catkin_ws/build/CMakeFiles/CMakeTmp

Run Build Command:"/usr/bin/make" "cmTC_b9551/fast"
/usr/bin/make -f CMakeFiles/cmTC_b9551.dir/build.make CMakeFiles/cmTC_b9551.dir/build
make[1]: Entering directory '/home/gilberg96/catkin_ws/build/CMakeFiles/CMakeTmp'
Building C object CMakeFiles/cmTC_b9551.dir/CheckFunctionExists.c.o
/usr/bin/cc   -DCHECK_FUNCTION_EXISTS=pthread_create   -o CMakeFiles/cmTC_b9551.dir/CheckFunctionExists.c.o   -c /usr/local/share/cmake-3.12/Modules/CheckFunctionExists.c
Linking C executable cmTC_b9551
/usr/local/bin/cmake -E cmake_link_script CMakeFiles/cmTC_b9551.dir/link.txt --verbose=1
/usr/bin/cc  -DCHECK_FUNCTION_EXISTS=pthread_create    -rdynamic CMakeFiles/cmTC_b9551.dir/CheckFunctionExists.c.o  -o cmTC_b9551 -lpthreads 
/usr/bin/ld: cannot find -lpthreads
collect2: error: ld returned 1 exit status
CMakeFiles/cmTC_b9551.dir/build.make:86: recipe for target 'cmTC_b9551' failed
make[1]: *** [cmTC_b9551] Error 1
make[1]: Leaving directory '/home/gilberg96/catkin_ws/build/CMakeFiles/CMakeTmp'
Makefile:121: recipe for target 'cmTC_b9551/fast' failed
make: *** [cmTC_b9551/fast] Error 2


