Determining if the pthread_create exist failed with the following output:
Change Dir: /home/thor/Desktop/Batchelor/Thor_ROS/catkin_ws_2/src/feature_ex/cmake-build-debug/CMakeFiles/CMakeTmp

Run Build Command:"/usr/bin/make" "cmTC_aeb01/fast"
/usr/bin/make -f CMakeFiles/cmTC_aeb01.dir/build.make CMakeFiles/cmTC_aeb01.dir/build
make[1]: Entering directory '/home/thor/Desktop/Batchelor/Thor_ROS/catkin_ws_2/src/feature_ex/cmake-build-debug/CMakeFiles/CMakeTmp'
Building C object CMakeFiles/cmTC_aeb01.dir/CheckSymbolExists.c.o
/usr/bin/cc    -o CMakeFiles/cmTC_aeb01.dir/CheckSymbolExists.c.o   -c /home/thor/Desktop/Batchelor/Thor_ROS/catkin_ws_2/src/feature_ex/cmake-build-debug/CMakeFiles/CMakeTmp/CheckSymbolExists.c
Linking C executable cmTC_aeb01
/home/thor/CLion-2019.1/clion-2019.1/bin/cmake/linux/bin/cmake -E cmake_link_script CMakeFiles/cmTC_aeb01.dir/link.txt --verbose=1
/usr/bin/cc      -rdynamic CMakeFiles/cmTC_aeb01.dir/CheckSymbolExists.c.o  -o cmTC_aeb01 
CMakeFiles/cmTC_aeb01.dir/CheckSymbolExists.c.o: In function `main':
CheckSymbolExists.c:(.text+0x1b): undefined reference to `pthread_create'
collect2: error: ld returned 1 exit status
CMakeFiles/cmTC_aeb01.dir/build.make:86: recipe for target 'cmTC_aeb01' failed
make[1]: *** [cmTC_aeb01] Error 1
make[1]: Leaving directory '/home/thor/Desktop/Batchelor/Thor_ROS/catkin_ws_2/src/feature_ex/cmake-build-debug/CMakeFiles/CMakeTmp'
Makefile:121: recipe for target 'cmTC_aeb01/fast' failed
make: *** [cmTC_aeb01/fast] Error 2

File /home/thor/Desktop/Batchelor/Thor_ROS/catkin_ws_2/src/feature_ex/cmake-build-debug/CMakeFiles/CMakeTmp/CheckSymbolExists.c:
/* */
#include <pthread.h>

int main(int argc, char** argv)
{
  (void)argv;
#ifndef pthread_create
  return ((int*)(&pthread_create))[argc];
#else
  (void)argc;
  return 0;
#endif
}

Determining if the function pthread_create exists in the pthreads failed with the following output:
Change Dir: /home/thor/Desktop/Batchelor/Thor_ROS/catkin_ws_2/src/feature_ex/cmake-build-debug/CMakeFiles/CMakeTmp

Run Build Command:"/usr/bin/make" "cmTC_d9d3e/fast"
/usr/bin/make -f CMakeFiles/cmTC_d9d3e.dir/build.make CMakeFiles/cmTC_d9d3e.dir/build
make[1]: Entering directory '/home/thor/Desktop/Batchelor/Thor_ROS/catkin_ws_2/src/feature_ex/cmake-build-debug/CMakeFiles/CMakeTmp'
Building C object CMakeFiles/cmTC_d9d3e.dir/CheckFunctionExists.c.o
/usr/bin/cc   -DCHECK_FUNCTION_EXISTS=pthread_create   -o CMakeFiles/cmTC_d9d3e.dir/CheckFunctionExists.c.o   -c /home/thor/CLion-2019.1/clion-2019.1/bin/cmake/linux/share/cmake-3.13/Modules/CheckFunctionExists.c
Linking C executable cmTC_d9d3e
/home/thor/CLion-2019.1/clion-2019.1/bin/cmake/linux/bin/cmake -E cmake_link_script CMakeFiles/cmTC_d9d3e.dir/link.txt --verbose=1
/usr/bin/cc  -DCHECK_FUNCTION_EXISTS=pthread_create    -rdynamic CMakeFiles/cmTC_d9d3e.dir/CheckFunctionExists.c.o  -o cmTC_d9d3e -lpthreads 
/usr/bin/ld: cannot find -lpthreads
collect2: error: ld returned 1 exit status
CMakeFiles/cmTC_d9d3e.dir/build.make:86: recipe for target 'cmTC_d9d3e' failed
make[1]: *** [cmTC_d9d3e] Error 1
make[1]: Leaving directory '/home/thor/Desktop/Batchelor/Thor_ROS/catkin_ws_2/src/feature_ex/cmake-build-debug/CMakeFiles/CMakeTmp'
Makefile:121: recipe for target 'cmTC_d9d3e/fast' failed
make: *** [cmTC_d9d3e/fast] Error 2


