Determining if the pthread_create exist failed with the following output:
Change Dir: /home/thor/Batchelor/Complete_Project/catkin_ws/src/slam_backend/cmake-build-debug/CMakeFiles/CMakeTmp

Run Build Command(s):/usr/bin/make cmTC_d93d6/fast 
/usr/bin/make -f CMakeFiles/cmTC_d93d6.dir/build.make CMakeFiles/cmTC_d93d6.dir/build
make[1]: Entering directory '/home/thor/Batchelor/Complete_Project/catkin_ws/src/slam_backend/cmake-build-debug/CMakeFiles/CMakeTmp'
Building C object CMakeFiles/cmTC_d93d6.dir/CheckSymbolExists.c.o
/usr/bin/cc    -o CMakeFiles/cmTC_d93d6.dir/CheckSymbolExists.c.o   -c /home/thor/Batchelor/Complete_Project/catkin_ws/src/slam_backend/cmake-build-debug/CMakeFiles/CMakeTmp/CheckSymbolExists.c
Linking C executable cmTC_d93d6
/home/thor/clion-2019.1.2/bin/cmake/linux/bin/cmake -E cmake_link_script CMakeFiles/cmTC_d93d6.dir/link.txt --verbose=1
/usr/bin/cc      -rdynamic CMakeFiles/cmTC_d93d6.dir/CheckSymbolExists.c.o  -o cmTC_d93d6 
CMakeFiles/cmTC_d93d6.dir/CheckSymbolExists.c.o: In function `main':
CheckSymbolExists.c:(.text+0x1b): undefined reference to `pthread_create'
collect2: error: ld returned 1 exit status
CMakeFiles/cmTC_d93d6.dir/build.make:86: recipe for target 'cmTC_d93d6' failed
make[1]: *** [cmTC_d93d6] Error 1
make[1]: Leaving directory '/home/thor/Batchelor/Complete_Project/catkin_ws/src/slam_backend/cmake-build-debug/CMakeFiles/CMakeTmp'
Makefile:121: recipe for target 'cmTC_d93d6/fast' failed
make: *** [cmTC_d93d6/fast] Error 2

File /home/thor/Batchelor/Complete_Project/catkin_ws/src/slam_backend/cmake-build-debug/CMakeFiles/CMakeTmp/CheckSymbolExists.c:
/* */
#include <pthread.h>

int main(int argc, char** argv)
{
  (void)argv;
#ifndef pthread_create
  return ((int*)(&pthread_create))[argc];
#else
  (void)argc;
  return 0;
#endif
}

Determining if the function pthread_create exists in the pthreads failed with the following output:
Change Dir: /home/thor/Batchelor/Complete_Project/catkin_ws/src/slam_backend/cmake-build-debug/CMakeFiles/CMakeTmp

Run Build Command(s):/usr/bin/make cmTC_ec138/fast 
/usr/bin/make -f CMakeFiles/cmTC_ec138.dir/build.make CMakeFiles/cmTC_ec138.dir/build
make[1]: Entering directory '/home/thor/Batchelor/Complete_Project/catkin_ws/src/slam_backend/cmake-build-debug/CMakeFiles/CMakeTmp'
Building C object CMakeFiles/cmTC_ec138.dir/CheckFunctionExists.c.o
/usr/bin/cc   -DCHECK_FUNCTION_EXISTS=pthread_create   -o CMakeFiles/cmTC_ec138.dir/CheckFunctionExists.c.o   -c /home/thor/clion-2019.1.2/bin/cmake/linux/share/cmake-3.14/Modules/CheckFunctionExists.c
Linking C executable cmTC_ec138
/home/thor/clion-2019.1.2/bin/cmake/linux/bin/cmake -E cmake_link_script CMakeFiles/cmTC_ec138.dir/link.txt --verbose=1
/usr/bin/cc  -DCHECK_FUNCTION_EXISTS=pthread_create    -rdynamic CMakeFiles/cmTC_ec138.dir/CheckFunctionExists.c.o  -o cmTC_ec138 -lpthreads 
/usr/bin/ld: cannot find -lpthreads
collect2: error: ld returned 1 exit status
CMakeFiles/cmTC_ec138.dir/build.make:86: recipe for target 'cmTC_ec138' failed
make[1]: *** [cmTC_ec138] Error 1
make[1]: Leaving directory '/home/thor/Batchelor/Complete_Project/catkin_ws/src/slam_backend/cmake-build-debug/CMakeFiles/CMakeTmp'
Makefile:121: recipe for target 'cmTC_ec138/fast' failed
make: *** [cmTC_ec138/fast] Error 2


