Determining if the pthread_create exist failed with the following output:
Change Dir: /home/gilberg96/Batchelor/Complete_Project/catkin_ws/src/lidarsubmsg/cmake-build-debug/CMakeFiles/CMakeTmp

Run Build Command(s):/usr/bin/make cmTC_9feeb/fast 
/usr/bin/make -f CMakeFiles/cmTC_9feeb.dir/build.make CMakeFiles/cmTC_9feeb.dir/build
make[1]: Entering directory '/home/gilberg96/Batchelor/Complete_Project/catkin_ws/src/lidarsubmsg/cmake-build-debug/CMakeFiles/CMakeTmp'
Building C object CMakeFiles/cmTC_9feeb.dir/CheckSymbolExists.c.o
/usr/bin/cc    -o CMakeFiles/cmTC_9feeb.dir/CheckSymbolExists.c.o   -c /home/gilberg96/Batchelor/Complete_Project/catkin_ws/src/lidarsubmsg/cmake-build-debug/CMakeFiles/CMakeTmp/CheckSymbolExists.c
Linking C executable cmTC_9feeb
/home/gilberg96/CLion-2019.1.2/clion-2019.1.2/bin/cmake/linux/bin/cmake -E cmake_link_script CMakeFiles/cmTC_9feeb.dir/link.txt --verbose=1
/usr/bin/cc      -rdynamic CMakeFiles/cmTC_9feeb.dir/CheckSymbolExists.c.o  -o cmTC_9feeb 
CMakeFiles/cmTC_9feeb.dir/CheckSymbolExists.c.o: In function `main':
CheckSymbolExists.c:(.text+0x1b): undefined reference to `pthread_create'
collect2: error: ld returned 1 exit status
CMakeFiles/cmTC_9feeb.dir/build.make:86: recipe for target 'cmTC_9feeb' failed
make[1]: *** [cmTC_9feeb] Error 1
make[1]: Leaving directory '/home/gilberg96/Batchelor/Complete_Project/catkin_ws/src/lidarsubmsg/cmake-build-debug/CMakeFiles/CMakeTmp'
Makefile:121: recipe for target 'cmTC_9feeb/fast' failed
make: *** [cmTC_9feeb/fast] Error 2

File /home/gilberg96/Batchelor/Complete_Project/catkin_ws/src/lidarsubmsg/cmake-build-debug/CMakeFiles/CMakeTmp/CheckSymbolExists.c:
/* */
#include <pthread.h>

int main(int argc, char** argv)
{
  (void)argv;
#ifndef pthread_create
  return ((int*)(&pthread_create))[argc];
#else
  (void)argc;
  return 0;
#endif
}

Determining if the function pthread_create exists in the pthreads failed with the following output:
Change Dir: /home/gilberg96/Batchelor/Complete_Project/catkin_ws/src/lidarsubmsg/cmake-build-debug/CMakeFiles/CMakeTmp

Run Build Command(s):/usr/bin/make cmTC_1b650/fast 
/usr/bin/make -f CMakeFiles/cmTC_1b650.dir/build.make CMakeFiles/cmTC_1b650.dir/build
make[1]: Entering directory '/home/gilberg96/Batchelor/Complete_Project/catkin_ws/src/lidarsubmsg/cmake-build-debug/CMakeFiles/CMakeTmp'
Building C object CMakeFiles/cmTC_1b650.dir/CheckFunctionExists.c.o
/usr/bin/cc   -DCHECK_FUNCTION_EXISTS=pthread_create   -o CMakeFiles/cmTC_1b650.dir/CheckFunctionExists.c.o   -c /home/gilberg96/CLion-2019.1.2/clion-2019.1.2/bin/cmake/linux/share/cmake-3.14/Modules/CheckFunctionExists.c
Linking C executable cmTC_1b650
/home/gilberg96/CLion-2019.1.2/clion-2019.1.2/bin/cmake/linux/bin/cmake -E cmake_link_script CMakeFiles/cmTC_1b650.dir/link.txt --verbose=1
/usr/bin/cc  -DCHECK_FUNCTION_EXISTS=pthread_create    -rdynamic CMakeFiles/cmTC_1b650.dir/CheckFunctionExists.c.o  -o cmTC_1b650 -lpthreads 
/usr/bin/ld: cannot find -lpthreads
collect2: error: ld returned 1 exit status
CMakeFiles/cmTC_1b650.dir/build.make:86: recipe for target 'cmTC_1b650' failed
make[1]: *** [cmTC_1b650] Error 1
make[1]: Leaving directory '/home/gilberg96/Batchelor/Complete_Project/catkin_ws/src/lidarsubmsg/cmake-build-debug/CMakeFiles/CMakeTmp'
Makefile:121: recipe for target 'cmTC_1b650/fast' failed
make: *** [cmTC_1b650/fast] Error 2


