Determining if the pthread_create exist failed with the following output:
Change Dir: /home/gilberg96/Batchelor/Complete_Project/catkin_ws/build/slam_backend/CMakeFiles/CMakeTmp

Run Build Command:"/usr/bin/make" "cmTC_b399c/fast"
/usr/bin/make -f CMakeFiles/cmTC_b399c.dir/build.make CMakeFiles/cmTC_b399c.dir/build
make[1]: Entering directory '/home/gilberg96/Batchelor/Complete_Project/catkin_ws/build/slam_backend/CMakeFiles/CMakeTmp'
Building C object CMakeFiles/cmTC_b399c.dir/CheckSymbolExists.c.o
/usr/bin/cc    -o CMakeFiles/cmTC_b399c.dir/CheckSymbolExists.c.o   -c /home/gilberg96/Batchelor/Complete_Project/catkin_ws/build/slam_backend/CMakeFiles/CMakeTmp/CheckSymbolExists.c
Linking C executable cmTC_b399c
/usr/local/bin/cmake -E cmake_link_script CMakeFiles/cmTC_b399c.dir/link.txt --verbose=1
/usr/bin/cc      -rdynamic CMakeFiles/cmTC_b399c.dir/CheckSymbolExists.c.o  -o cmTC_b399c 
CMakeFiles/cmTC_b399c.dir/CheckSymbolExists.c.o: In function `main':
CheckSymbolExists.c:(.text+0x1b): undefined reference to `pthread_create'
collect2: error: ld returned 1 exit status
CMakeFiles/cmTC_b399c.dir/build.make:86: recipe for target 'cmTC_b399c' failed
make[1]: *** [cmTC_b399c] Error 1
make[1]: Leaving directory '/home/gilberg96/Batchelor/Complete_Project/catkin_ws/build/slam_backend/CMakeFiles/CMakeTmp'
Makefile:121: recipe for target 'cmTC_b399c/fast' failed
make: *** [cmTC_b399c/fast] Error 2

File /home/gilberg96/Batchelor/Complete_Project/catkin_ws/build/slam_backend/CMakeFiles/CMakeTmp/CheckSymbolExists.c:
/* */
#include <pthread.h>

int main(int argc, char** argv)
{
  (void)argv;
#ifndef pthread_create
  return ((int*)(&pthread_create))[argc];
#else
  (void)argc;
  return 0;
#endif
}

Determining if the function pthread_create exists in the pthreads failed with the following output:
Change Dir: /home/gilberg96/Batchelor/Complete_Project/catkin_ws/build/slam_backend/CMakeFiles/CMakeTmp

Run Build Command:"/usr/bin/make" "cmTC_f0387/fast"
/usr/bin/make -f CMakeFiles/cmTC_f0387.dir/build.make CMakeFiles/cmTC_f0387.dir/build
make[1]: Entering directory '/home/gilberg96/Batchelor/Complete_Project/catkin_ws/build/slam_backend/CMakeFiles/CMakeTmp'
Building C object CMakeFiles/cmTC_f0387.dir/CheckFunctionExists.c.o
/usr/bin/cc   -DCHECK_FUNCTION_EXISTS=pthread_create   -o CMakeFiles/cmTC_f0387.dir/CheckFunctionExists.c.o   -c /usr/local/share/cmake-3.12/Modules/CheckFunctionExists.c
Linking C executable cmTC_f0387
/usr/local/bin/cmake -E cmake_link_script CMakeFiles/cmTC_f0387.dir/link.txt --verbose=1
/usr/bin/cc  -DCHECK_FUNCTION_EXISTS=pthread_create    -rdynamic CMakeFiles/cmTC_f0387.dir/CheckFunctionExists.c.o  -o cmTC_f0387 -lpthreads 
/usr/bin/ld: cannot find -lpthreads
collect2: error: ld returned 1 exit status
CMakeFiles/cmTC_f0387.dir/build.make:86: recipe for target 'cmTC_f0387' failed
make[1]: *** [cmTC_f0387] Error 1
make[1]: Leaving directory '/home/gilberg96/Batchelor/Complete_Project/catkin_ws/build/slam_backend/CMakeFiles/CMakeTmp'
Makefile:121: recipe for target 'cmTC_f0387/fast' failed
make: *** [cmTC_f0387/fast] Error 2


