Determining if the pthread_create exist failed with the following output:
Change Dir: /home/thor/Batchelor/Thor_ROS/catkin_ws/build/CMakeFiles/CMakeTmp

Run Build Command:"/usr/bin/make" "cmTC_e461b/fast"
/usr/bin/make -f CMakeFiles/cmTC_e461b.dir/build.make CMakeFiles/cmTC_e461b.dir/build
make[1]: Entering directory '/home/thor/Batchelor/Thor_ROS/catkin_ws/build/CMakeFiles/CMakeTmp'
Building C object CMakeFiles/cmTC_e461b.dir/CheckSymbolExists.c.o
/usr/bin/cc     -o CMakeFiles/cmTC_e461b.dir/CheckSymbolExists.c.o   -c /home/thor/Batchelor/Thor_ROS/catkin_ws/build/CMakeFiles/CMakeTmp/CheckSymbolExists.c
Linking C executable cmTC_e461b
/usr/bin/cmake -E cmake_link_script CMakeFiles/cmTC_e461b.dir/link.txt --verbose=1
/usr/bin/cc       CMakeFiles/cmTC_e461b.dir/CheckSymbolExists.c.o  -o cmTC_e461b -rdynamic 
CMakeFiles/cmTC_e461b.dir/CheckSymbolExists.c.o: In function `main':
CheckSymbolExists.c:(.text+0x16): undefined reference to `pthread_create'
collect2: error: ld returned 1 exit status
CMakeFiles/cmTC_e461b.dir/build.make:97: recipe for target 'cmTC_e461b' failed
make[1]: *** [cmTC_e461b] Error 1
make[1]: Leaving directory '/home/thor/Batchelor/Thor_ROS/catkin_ws/build/CMakeFiles/CMakeTmp'
Makefile:126: recipe for target 'cmTC_e461b/fast' failed
make: *** [cmTC_e461b/fast] Error 2

File /home/thor/Batchelor/Thor_ROS/catkin_ws/build/CMakeFiles/CMakeTmp/CheckSymbolExists.c:
/* */
#include <pthread.h>

int main(int argc, char** argv)
{
  (void)argv;
#ifndef pthread_create
  return ((int*)(&pthread_create))[argc];
#else
  (void)argc;
  return 0;
#endif
}

Determining if the function pthread_create exists in the pthreads failed with the following output:
Change Dir: /home/thor/Batchelor/Thor_ROS/catkin_ws/build/CMakeFiles/CMakeTmp

Run Build Command:"/usr/bin/make" "cmTC_f852c/fast"
/usr/bin/make -f CMakeFiles/cmTC_f852c.dir/build.make CMakeFiles/cmTC_f852c.dir/build
make[1]: Entering directory '/home/thor/Batchelor/Thor_ROS/catkin_ws/build/CMakeFiles/CMakeTmp'
Building C object CMakeFiles/cmTC_f852c.dir/CheckFunctionExists.c.o
/usr/bin/cc    -DCHECK_FUNCTION_EXISTS=pthread_create   -o CMakeFiles/cmTC_f852c.dir/CheckFunctionExists.c.o   -c /usr/share/cmake-3.5/Modules/CheckFunctionExists.c
Linking C executable cmTC_f852c
/usr/bin/cmake -E cmake_link_script CMakeFiles/cmTC_f852c.dir/link.txt --verbose=1
/usr/bin/cc   -DCHECK_FUNCTION_EXISTS=pthread_create    CMakeFiles/cmTC_f852c.dir/CheckFunctionExists.c.o  -o cmTC_f852c -rdynamic -lpthreads 
/usr/bin/ld: cannot find -lpthreads
collect2: error: ld returned 1 exit status
CMakeFiles/cmTC_f852c.dir/build.make:97: recipe for target 'cmTC_f852c' failed
make[1]: *** [cmTC_f852c] Error 1
make[1]: Leaving directory '/home/thor/Batchelor/Thor_ROS/catkin_ws/build/CMakeFiles/CMakeTmp'
Makefile:126: recipe for target 'cmTC_f852c/fast' failed
make: *** [cmTC_f852c/fast] Error 2


