Determining if the pthread_create exist failed with the following output:
Change Dir: /home/gilberg96/Batchelor/Complete_Project/catkin_ws/build/data_log/CMakeFiles/CMakeTmp

Run Build Command:"/usr/bin/make" "cmTC_7e5f4/fast"
/usr/bin/make -f CMakeFiles/cmTC_7e5f4.dir/build.make CMakeFiles/cmTC_7e5f4.dir/build
make[1]: Entering directory '/home/gilberg96/Batchelor/Complete_Project/catkin_ws/build/data_log/CMakeFiles/CMakeTmp'
Building C object CMakeFiles/cmTC_7e5f4.dir/CheckSymbolExists.c.o
/usr/bin/cc    -o CMakeFiles/cmTC_7e5f4.dir/CheckSymbolExists.c.o   -c /home/gilberg96/Batchelor/Complete_Project/catkin_ws/build/data_log/CMakeFiles/CMakeTmp/CheckSymbolExists.c
Linking C executable cmTC_7e5f4
/usr/local/bin/cmake -E cmake_link_script CMakeFiles/cmTC_7e5f4.dir/link.txt --verbose=1
/usr/bin/cc      -rdynamic CMakeFiles/cmTC_7e5f4.dir/CheckSymbolExists.c.o  -o cmTC_7e5f4 
CMakeFiles/cmTC_7e5f4.dir/CheckSymbolExists.c.o: In function `main':
CheckSymbolExists.c:(.text+0x1b): undefined reference to `pthread_create'
collect2: error: ld returned 1 exit status
CMakeFiles/cmTC_7e5f4.dir/build.make:86: recipe for target 'cmTC_7e5f4' failed
make[1]: *** [cmTC_7e5f4] Error 1
make[1]: Leaving directory '/home/gilberg96/Batchelor/Complete_Project/catkin_ws/build/data_log/CMakeFiles/CMakeTmp'
Makefile:121: recipe for target 'cmTC_7e5f4/fast' failed
make: *** [cmTC_7e5f4/fast] Error 2

File /home/gilberg96/Batchelor/Complete_Project/catkin_ws/build/data_log/CMakeFiles/CMakeTmp/CheckSymbolExists.c:
/* */
#include <pthread.h>

int main(int argc, char** argv)
{
  (void)argv;
#ifndef pthread_create
  return ((int*)(&pthread_create))[argc];
#else
  (void)argc;
  return 0;
#endif
}

Determining if the function pthread_create exists in the pthreads failed with the following output:
Change Dir: /home/gilberg96/Batchelor/Complete_Project/catkin_ws/build/data_log/CMakeFiles/CMakeTmp

Run Build Command:"/usr/bin/make" "cmTC_00243/fast"
/usr/bin/make -f CMakeFiles/cmTC_00243.dir/build.make CMakeFiles/cmTC_00243.dir/build
make[1]: Entering directory '/home/gilberg96/Batchelor/Complete_Project/catkin_ws/build/data_log/CMakeFiles/CMakeTmp'
Building C object CMakeFiles/cmTC_00243.dir/CheckFunctionExists.c.o
/usr/bin/cc   -DCHECK_FUNCTION_EXISTS=pthread_create   -o CMakeFiles/cmTC_00243.dir/CheckFunctionExists.c.o   -c /usr/local/share/cmake-3.12/Modules/CheckFunctionExists.c
Linking C executable cmTC_00243
/usr/local/bin/cmake -E cmake_link_script CMakeFiles/cmTC_00243.dir/link.txt --verbose=1
/usr/bin/cc  -DCHECK_FUNCTION_EXISTS=pthread_create    -rdynamic CMakeFiles/cmTC_00243.dir/CheckFunctionExists.c.o  -o cmTC_00243 -lpthreads 
/usr/bin/ld: cannot find -lpthreads
collect2: error: ld returned 1 exit status
CMakeFiles/cmTC_00243.dir/build.make:86: recipe for target 'cmTC_00243' failed
make[1]: *** [cmTC_00243] Error 1
make[1]: Leaving directory '/home/gilberg96/Batchelor/Complete_Project/catkin_ws/build/data_log/CMakeFiles/CMakeTmp'
Makefile:121: recipe for target 'cmTC_00243/fast' failed
make: *** [cmTC_00243/fast] Error 2


