Determining if the pthread_create exist failed with the following output:
Change Dir: /home/gilberg96/Batchelor/Complete_Project/catkin_ws/build/feature_ex/CMakeFiles/CMakeTmp

Run Build Command:"/usr/bin/make" "cmTC_709d7/fast"
/usr/bin/make -f CMakeFiles/cmTC_709d7.dir/build.make CMakeFiles/cmTC_709d7.dir/build
make[1]: Entering directory '/home/gilberg96/Batchelor/Complete_Project/catkin_ws/build/feature_ex/CMakeFiles/CMakeTmp'
Building C object CMakeFiles/cmTC_709d7.dir/CheckSymbolExists.c.o
/usr/bin/cc    -o CMakeFiles/cmTC_709d7.dir/CheckSymbolExists.c.o   -c /home/gilberg96/Batchelor/Complete_Project/catkin_ws/build/feature_ex/CMakeFiles/CMakeTmp/CheckSymbolExists.c
Linking C executable cmTC_709d7
/usr/local/bin/cmake -E cmake_link_script CMakeFiles/cmTC_709d7.dir/link.txt --verbose=1
/usr/bin/cc      -rdynamic CMakeFiles/cmTC_709d7.dir/CheckSymbolExists.c.o  -o cmTC_709d7 
CMakeFiles/cmTC_709d7.dir/CheckSymbolExists.c.o: In function `main':
CheckSymbolExists.c:(.text+0x1b): undefined reference to `pthread_create'
collect2: error: ld returned 1 exit status
CMakeFiles/cmTC_709d7.dir/build.make:86: recipe for target 'cmTC_709d7' failed
make[1]: *** [cmTC_709d7] Error 1
make[1]: Leaving directory '/home/gilberg96/Batchelor/Complete_Project/catkin_ws/build/feature_ex/CMakeFiles/CMakeTmp'
Makefile:121: recipe for target 'cmTC_709d7/fast' failed
make: *** [cmTC_709d7/fast] Error 2

File /home/gilberg96/Batchelor/Complete_Project/catkin_ws/build/feature_ex/CMakeFiles/CMakeTmp/CheckSymbolExists.c:
/* */
#include <pthread.h>

int main(int argc, char** argv)
{
  (void)argv;
#ifndef pthread_create
  return ((int*)(&pthread_create))[argc];
#else
  (void)argc;
  return 0;
#endif
}

Determining if the function pthread_create exists in the pthreads failed with the following output:
Change Dir: /home/gilberg96/Batchelor/Complete_Project/catkin_ws/build/feature_ex/CMakeFiles/CMakeTmp

Run Build Command:"/usr/bin/make" "cmTC_58675/fast"
/usr/bin/make -f CMakeFiles/cmTC_58675.dir/build.make CMakeFiles/cmTC_58675.dir/build
make[1]: Entering directory '/home/gilberg96/Batchelor/Complete_Project/catkin_ws/build/feature_ex/CMakeFiles/CMakeTmp'
Building C object CMakeFiles/cmTC_58675.dir/CheckFunctionExists.c.o
/usr/bin/cc   -DCHECK_FUNCTION_EXISTS=pthread_create   -o CMakeFiles/cmTC_58675.dir/CheckFunctionExists.c.o   -c /usr/local/share/cmake-3.12/Modules/CheckFunctionExists.c
Linking C executable cmTC_58675
/usr/local/bin/cmake -E cmake_link_script CMakeFiles/cmTC_58675.dir/link.txt --verbose=1
/usr/bin/cc  -DCHECK_FUNCTION_EXISTS=pthread_create    -rdynamic CMakeFiles/cmTC_58675.dir/CheckFunctionExists.c.o  -o cmTC_58675 -lpthreads 
/usr/bin/ld: cannot find -lpthreads
collect2: error: ld returned 1 exit status
CMakeFiles/cmTC_58675.dir/build.make:86: recipe for target 'cmTC_58675' failed
make[1]: *** [cmTC_58675] Error 1
make[1]: Leaving directory '/home/gilberg96/Batchelor/Complete_Project/catkin_ws/build/feature_ex/CMakeFiles/CMakeTmp'
Makefile:121: recipe for target 'cmTC_58675/fast' failed
make: *** [cmTC_58675/fast] Error 2


