Determining if the pthread_create exist failed with the following output:
Change Dir: /home/gilberg96/Batchelor/Complete_Project/catkin_ws/build/lidarsubmsg/CMakeFiles/CMakeTmp

Run Build Command:"/usr/bin/make" "cmTC_ad4e0/fast"
/usr/bin/make -f CMakeFiles/cmTC_ad4e0.dir/build.make CMakeFiles/cmTC_ad4e0.dir/build
make[1]: Entering directory '/home/gilberg96/Batchelor/Complete_Project/catkin_ws/build/lidarsubmsg/CMakeFiles/CMakeTmp'
Building C object CMakeFiles/cmTC_ad4e0.dir/CheckSymbolExists.c.o
/usr/bin/cc    -o CMakeFiles/cmTC_ad4e0.dir/CheckSymbolExists.c.o   -c /home/gilberg96/Batchelor/Complete_Project/catkin_ws/build/lidarsubmsg/CMakeFiles/CMakeTmp/CheckSymbolExists.c
Linking C executable cmTC_ad4e0
/usr/local/bin/cmake -E cmake_link_script CMakeFiles/cmTC_ad4e0.dir/link.txt --verbose=1
/usr/bin/cc      -rdynamic CMakeFiles/cmTC_ad4e0.dir/CheckSymbolExists.c.o  -o cmTC_ad4e0 
CMakeFiles/cmTC_ad4e0.dir/CheckSymbolExists.c.o: In function `main':
CheckSymbolExists.c:(.text+0x1b): undefined reference to `pthread_create'
collect2: error: ld returned 1 exit status
CMakeFiles/cmTC_ad4e0.dir/build.make:86: recipe for target 'cmTC_ad4e0' failed
make[1]: *** [cmTC_ad4e0] Error 1
make[1]: Leaving directory '/home/gilberg96/Batchelor/Complete_Project/catkin_ws/build/lidarsubmsg/CMakeFiles/CMakeTmp'
Makefile:121: recipe for target 'cmTC_ad4e0/fast' failed
make: *** [cmTC_ad4e0/fast] Error 2

File /home/gilberg96/Batchelor/Complete_Project/catkin_ws/build/lidarsubmsg/CMakeFiles/CMakeTmp/CheckSymbolExists.c:
/* */
#include <pthread.h>

int main(int argc, char** argv)
{
  (void)argv;
#ifndef pthread_create
  return ((int*)(&pthread_create))[argc];
#else
  (void)argc;
  return 0;
#endif
}

Determining if the function pthread_create exists in the pthreads failed with the following output:
Change Dir: /home/gilberg96/Batchelor/Complete_Project/catkin_ws/build/lidarsubmsg/CMakeFiles/CMakeTmp

Run Build Command:"/usr/bin/make" "cmTC_72137/fast"
/usr/bin/make -f CMakeFiles/cmTC_72137.dir/build.make CMakeFiles/cmTC_72137.dir/build
make[1]: Entering directory '/home/gilberg96/Batchelor/Complete_Project/catkin_ws/build/lidarsubmsg/CMakeFiles/CMakeTmp'
Building C object CMakeFiles/cmTC_72137.dir/CheckFunctionExists.c.o
/usr/bin/cc   -DCHECK_FUNCTION_EXISTS=pthread_create   -o CMakeFiles/cmTC_72137.dir/CheckFunctionExists.c.o   -c /usr/local/share/cmake-3.12/Modules/CheckFunctionExists.c
Linking C executable cmTC_72137
/usr/local/bin/cmake -E cmake_link_script CMakeFiles/cmTC_72137.dir/link.txt --verbose=1
/usr/bin/cc  -DCHECK_FUNCTION_EXISTS=pthread_create    -rdynamic CMakeFiles/cmTC_72137.dir/CheckFunctionExists.c.o  -o cmTC_72137 -lpthreads 
/usr/bin/ld: cannot find -lpthreads
collect2: error: ld returned 1 exit status
CMakeFiles/cmTC_72137.dir/build.make:86: recipe for target 'cmTC_72137' failed
make[1]: *** [cmTC_72137] Error 1
make[1]: Leaving directory '/home/gilberg96/Batchelor/Complete_Project/catkin_ws/build/lidarsubmsg/CMakeFiles/CMakeTmp'
Makefile:121: recipe for target 'cmTC_72137/fast' failed
make: *** [cmTC_72137/fast] Error 2


