Symlinking /home/madaeu/catkin_ws/devel/include/vrep_skeleton_msg_and_srv/displayTextRequest.h
Symlinking /home/madaeu/catkin_ws/devel/include/vrep_skeleton_msg_and_srv/displayText.h
Symlinking /home/madaeu/catkin_ws/devel/include/vrep_skeleton_msg_and_srv/displayTextResponse.h
Symlinking /home/madaeu/catkin_ws/devel/share/roseus/ros/vrep_skeleton_msg_and_srv/manifest.l
Symlinking /home/madaeu/catkin_ws/devel/share/roseus/ros/vrep_skeleton_msg_and_srv/srv/displayText.l
Symlinking /home/madaeu/catkin_ws/devel/share/gennodejs/ros/vrep_skeleton_msg_and_srv/_index.js
Symlinking /home/madaeu/catkin_ws/devel/share/gennodejs/ros/vrep_skeleton_msg_and_srv/srv/displayText.js
Symlinking /home/madaeu/catkin_ws/devel/share/gennodejs/ros/vrep_skeleton_msg_and_srv/srv/_index.js
Symlinking /home/madaeu/catkin_ws/devel/share/common-lisp/ros/vrep_skeleton_msg_and_srv/srv/displayText.lisp
Symlinking /home/madaeu/catkin_ws/devel/share/common-lisp/ros/vrep_skeleton_msg_and_srv/srv/vrep_skeleton_msg_and_srv-srv.asd
Symlinking /home/madaeu/catkin_ws/devel/share/common-lisp/ros/vrep_skeleton_msg_and_srv/srv/_package_displayText.lisp
Symlinking /home/madaeu/catkin_ws/devel/share/common-lisp/ros/vrep_skeleton_msg_and_srv/srv/_package.lisp
Symlinking /home/madaeu/catkin_ws/devel/share/vrep_skeleton_msg_and_srv/cmake/vrep_skeleton_msg_and_srv-msg-paths.cmake
Symlinking /home/madaeu/catkin_ws/devel/share/vrep_skeleton_msg_and_srv/cmake/vrep_skeleton_msg_and_srvConfig-version.cmake
Symlinking /home/madaeu/catkin_ws/devel/share/vrep_skeleton_msg_and_srv/cmake/vrep_skeleton_msg_and_srv-msg-extras.cmake
Symlinking /home/madaeu/catkin_ws/devel/share/vrep_skeleton_msg_and_srv/cmake/vrep_skeleton_msg_and_srvConfig.cmake
Symlinking /home/madaeu/catkin_ws/devel/lib/pkgconfig/vrep_skeleton_msg_and_srv.pc
Symlinking /home/madaeu/catkin_ws/devel/lib/python2.7/dist-packages/vrep_skeleton_msg_and_srv/__init__.py
Symlinking /home/madaeu/catkin_ws/devel/lib/python2.7/dist-packages/vrep_skeleton_msg_and_srv/srv/__init__.py
Symlinking /home/madaeu/catkin_ws/devel/lib/python2.7/dist-packages/vrep_skeleton_msg_and_srv/srv/_displayText.py
