Determining if the pthread_create exist failed with the following output:
Change Dir: /home/thor/Desktop/Batchelor/Thor_ROS/catkin_ws_2/build/CMakeFiles/CMakeTmp

Run Build Command:"/usr/bin/make" "cmTC_848de/fast"
/usr/bin/make -f CMakeFiles/cmTC_848de.dir/build.make CMakeFiles/cmTC_848de.dir/build
make[1]: Entering directory '/home/thor/Desktop/Batchelor/Thor_ROS/catkin_ws_2/build/CMakeFiles/CMakeTmp'
Building C object CMakeFiles/cmTC_848de.dir/CheckSymbolExists.c.o
/usr/bin/cc    -o CMakeFiles/cmTC_848de.dir/CheckSymbolExists.c.o   -c /home/thor/Desktop/Batchelor/Thor_ROS/catkin_ws_2/build/CMakeFiles/CMakeTmp/CheckSymbolExists.c
Linking C executable cmTC_848de
/usr/bin/cmake -E cmake_link_script CMakeFiles/cmTC_848de.dir/link.txt --verbose=1
/usr/bin/cc      -rdynamic CMakeFiles/cmTC_848de.dir/CheckSymbolExists.c.o  -o cmTC_848de 
CMakeFiles/cmTC_848de.dir/CheckSymbolExists.c.o: In function `main':
CheckSymbolExists.c:(.text+0x1b): undefined reference to `pthread_create'
collect2: error: ld returned 1 exit status
CMakeFiles/cmTC_848de.dir/build.make:97: recipe for target 'cmTC_848de' failed
make[1]: *** [cmTC_848de] Error 1
make[1]: Leaving directory '/home/thor/Desktop/Batchelor/Thor_ROS/catkin_ws_2/build/CMakeFiles/CMakeTmp'
Makefile:126: recipe for target 'cmTC_848de/fast' failed
make: *** [cmTC_848de/fast] Error 2

File /home/thor/Desktop/Batchelor/Thor_ROS/catkin_ws_2/build/CMakeFiles/CMakeTmp/CheckSymbolExists.c:
/* */
#include <pthread.h>

int main(int argc, char** argv)
{
  (void)argv;
#ifndef pthread_create
  return ((int*)(&pthread_create))[argc];
#else
  (void)argc;
  return 0;
#endif
}

Determining if the function pthread_create exists in the pthreads failed with the following output:
Change Dir: /home/thor/Desktop/Batchelor/Thor_ROS/catkin_ws_2/build/CMakeFiles/CMakeTmp

Run Build Command:"/usr/bin/make" "cmTC_9f4cc/fast"
/usr/bin/make -f CMakeFiles/cmTC_9f4cc.dir/build.make CMakeFiles/cmTC_9f4cc.dir/build
make[1]: Entering directory '/home/thor/Desktop/Batchelor/Thor_ROS/catkin_ws_2/build/CMakeFiles/CMakeTmp'
Building C object CMakeFiles/cmTC_9f4cc.dir/CheckFunctionExists.c.o
/usr/bin/cc   -DCHECK_FUNCTION_EXISTS=pthread_create   -o CMakeFiles/cmTC_9f4cc.dir/CheckFunctionExists.c.o   -c /usr/share/cmake-3.10/Modules/CheckFunctionExists.c
Linking C executable cmTC_9f4cc
/usr/bin/cmake -E cmake_link_script CMakeFiles/cmTC_9f4cc.dir/link.txt --verbose=1
/usr/bin/cc  -DCHECK_FUNCTION_EXISTS=pthread_create    -rdynamic CMakeFiles/cmTC_9f4cc.dir/CheckFunctionExists.c.o  -o cmTC_9f4cc -lpthreads 
/usr/bin/ld: cannot find -lpthreads
collect2: error: ld returned 1 exit status
CMakeFiles/cmTC_9f4cc.dir/build.make:97: recipe for target 'cmTC_9f4cc' failed
make[1]: *** [cmTC_9f4cc] Error 1
make[1]: Leaving directory '/home/thor/Desktop/Batchelor/Thor_ROS/catkin_ws_2/build/CMakeFiles/CMakeTmp'
Makefile:126: recipe for target 'cmTC_9f4cc/fast' failed
make: *** [cmTC_9f4cc/fast] Error 2


