Determining if the pthread_create exist failed with the following output:
Change Dir: /home/gilberg96/Batchelor/Complete_Project/catkin_ws/build/transformreciver/CMakeFiles/CMakeTmp

Run Build Command:"/usr/bin/make" "cmTC_d2a24/fast"
/usr/bin/make -f CMakeFiles/cmTC_d2a24.dir/build.make CMakeFiles/cmTC_d2a24.dir/build
make[1]: Entering directory '/home/gilberg96/Batchelor/Complete_Project/catkin_ws/build/transformreciver/CMakeFiles/CMakeTmp'
Building C object CMakeFiles/cmTC_d2a24.dir/CheckSymbolExists.c.o
/usr/bin/cc    -o CMakeFiles/cmTC_d2a24.dir/CheckSymbolExists.c.o   -c /home/gilberg96/Batchelor/Complete_Project/catkin_ws/build/transformreciver/CMakeFiles/CMakeTmp/CheckSymbolExists.c
Linking C executable cmTC_d2a24
/usr/local/bin/cmake -E cmake_link_script CMakeFiles/cmTC_d2a24.dir/link.txt --verbose=1
/usr/bin/cc      -rdynamic CMakeFiles/cmTC_d2a24.dir/CheckSymbolExists.c.o  -o cmTC_d2a24 
CMakeFiles/cmTC_d2a24.dir/CheckSymbolExists.c.o: In function `main':
CheckSymbolExists.c:(.text+0x1b): undefined reference to `pthread_create'
collect2: error: ld returned 1 exit status
CMakeFiles/cmTC_d2a24.dir/build.make:86: recipe for target 'cmTC_d2a24' failed
make[1]: *** [cmTC_d2a24] Error 1
make[1]: Leaving directory '/home/gilberg96/Batchelor/Complete_Project/catkin_ws/build/transformreciver/CMakeFiles/CMakeTmp'
Makefile:121: recipe for target 'cmTC_d2a24/fast' failed
make: *** [cmTC_d2a24/fast] Error 2

File /home/gilberg96/Batchelor/Complete_Project/catkin_ws/build/transformreciver/CMakeFiles/CMakeTmp/CheckSymbolExists.c:
/* */
#include <pthread.h>

int main(int argc, char** argv)
{
  (void)argv;
#ifndef pthread_create
  return ((int*)(&pthread_create))[argc];
#else
  (void)argc;
  return 0;
#endif
}

Determining if the function pthread_create exists in the pthreads failed with the following output:
Change Dir: /home/gilberg96/Batchelor/Complete_Project/catkin_ws/build/transformreciver/CMakeFiles/CMakeTmp

Run Build Command:"/usr/bin/make" "cmTC_ad8ef/fast"
/usr/bin/make -f CMakeFiles/cmTC_ad8ef.dir/build.make CMakeFiles/cmTC_ad8ef.dir/build
make[1]: Entering directory '/home/gilberg96/Batchelor/Complete_Project/catkin_ws/build/transformreciver/CMakeFiles/CMakeTmp'
Building C object CMakeFiles/cmTC_ad8ef.dir/CheckFunctionExists.c.o
/usr/bin/cc   -DCHECK_FUNCTION_EXISTS=pthread_create   -o CMakeFiles/cmTC_ad8ef.dir/CheckFunctionExists.c.o   -c /usr/local/share/cmake-3.12/Modules/CheckFunctionExists.c
Linking C executable cmTC_ad8ef
/usr/local/bin/cmake -E cmake_link_script CMakeFiles/cmTC_ad8ef.dir/link.txt --verbose=1
/usr/bin/cc  -DCHECK_FUNCTION_EXISTS=pthread_create    -rdynamic CMakeFiles/cmTC_ad8ef.dir/CheckFunctionExists.c.o  -o cmTC_ad8ef -lpthreads 
/usr/bin/ld: cannot find -lpthreads
collect2: error: ld returned 1 exit status
CMakeFiles/cmTC_ad8ef.dir/build.make:86: recipe for target 'cmTC_ad8ef' failed
make[1]: *** [cmTC_ad8ef] Error 1
make[1]: Leaving directory '/home/gilberg96/Batchelor/Complete_Project/catkin_ws/build/transformreciver/CMakeFiles/CMakeTmp'
Makefile:121: recipe for target 'cmTC_ad8ef/fast' failed
make: *** [cmTC_ad8ef/fast] Error 2


